  CREATE_STREAM @0 {NAME:wr_seq T:Transactions SCOPE:sequencer_e STREAM:717}
  CREATE_STREAM @0 {NAME:ww_seq T:Transactions SCOPE:sequencer_e STREAM:723}
  CREATE_STREAM @0 {NAME:wr_seq T:Transactions SCOPE:sequencer_e STREAM:717}
  CREATE_STREAM @0 {NAME:wr_seq T:Transactions SCOPE:sequencer_e STREAM:717}
  CREATE_STREAM @0 {NAME:wr_seq T:Transactions SCOPE:sequencer_e STREAM:717}
  CREATE_STREAM @0 {NAME:wr_seq T:Transactions SCOPE:sequencer_e STREAM:717}
  CREATE_STREAM @0 {NAME:wr_seq T:Transactions SCOPE:sequencer_e STREAM:717}
  CREATE_STREAM @0 {NAME:wr_seq T:Transactions SCOPE:sequencer_e STREAM:717}
  CREATE_STREAM @0 {NAME:ww_seq T:Transactions SCOPE:sequencer_e STREAM:717}
  CREATE_STREAM @0 {NAME:ww_seq T:Transactions SCOPE:sequencer_e STREAM:717}
  CREATE_STREAM @0 {NAME:ww_seq T:Transactions SCOPE:sequencer_e STREAM:732}
  CREATE_STREAM @0 {NAME:ww_seq T:Transactions SCOPE:sequencer_e STREAM:732}
  CREATE_STREAM @0 {NAME:ww_seq T:Transactions SCOPE:sequencer_e STREAM:732}
  CREATE_STREAM @0 {NAME:ww_seq T:Transactions SCOPE:sequencer_e STREAM:732}
  CREATE_STREAM @0 {NAME:ww_seq T:Transactions SCOPE:sequencer_e STREAM:732}
  CREATE_STREAM @0 {NAME:ww_seq T:Transactions SCOPE:sequencer_e STREAM:732}
  CREATE_STREAM @0 {NAME:ww_seq T:Transactions SCOPE:sequencer_e STREAM:732}
  CREATE_STREAM @0 {NAME:ww_seq T:Transactions SCOPE:sequencer_e STREAM:732}
  CREATE_STREAM @0 {NAME:ww_seq T:Transactions SCOPE:sequencer_e STREAM:732}
  CREATE_STREAM @0 {NAME:wr_seq T:Transactions SCOPE:sequencer_e STREAM:570}
  CREATE_STREAM @0 {NAME:wr_seq T:Transactions SCOPE:sequencer_e STREAM:570}
  CREATE_STREAM @0 {NAME:wr_seq T:Transactions SCOPE:sequencer_e STREAM:570}
  CREATE_STREAM @0 {NAME:wr_seq T:Transactions SCOPE:sequencer_e STREAM:570}
  CREATE_STREAM @0 {NAME:wr_seq T:Transactions SCOPE:sequencer_e STREAM:570}
  CREATE_STREAM @0 {NAME:wr_seq T:Transactions SCOPE:sequencer_e STREAM:570}
  CREATE_STREAM @0 {NAME:vt_wr_seq T:Transactions SCOPE:sequencer_e STREAM:570}
  CREATE_STREAM @0 {NAME:rand_sequence T:Transactions SCOPE:sequencer_e STREAM:570}
  CREATE_STREAM @0 {NAME:rand_sequence T:Transactions SCOPE:sequencer_e STREAM:570}
  CREATE_STREAM @0 {NAME:rand_sequence T:Transactions SCOPE:sequencer_e STREAM:570}
  CREATE_STREAM @0 {NAME:rand_sequence T:Transactions SCOPE:sequencer_e STREAM:570}
  CREATE_STREAM @0 {NAME:rand_sequence T:Transactions SCOPE:sequencer_e STREAM:577}
  CREATE_STREAM @0 {NAME:rand_sequence T:Transactions SCOPE:sequencer_e STREAM:578}
  CREATE_STREAM @0 {NAME:rand_sequence T:Transactions SCOPE:sequencer_e STREAM:578}
  CREATE_STREAM @0 {NAME:rand_sequence T:Transactions SCOPE:sequencer_e STREAM:578}
  CREATE_STREAM @0 {NAME:rand_sequence T:Transactions SCOPE:sequencer_e STREAM:578}
  CREATE_STREAM @0 {NAME:rand_sequence T:Transactions SCOPE:sequencer_e STREAM:578}
  CREATE_STREAM @0 {NAME:rand_sequence T:Transactions SCOPE:sequencer_e STREAM:578}
  CREATE_STREAM @0 {NAME:rand_sequence T:Transactions SCOPE:sequencer_e STREAM:578}
  CREATE_STREAM @0 {NAME:rand_sequence T:Transactions SCOPE:sequencer_e STREAM:578}
  CREATE_STREAM @0 {NAME:rand_sequence T:Transactions SCOPE:sequencer_e STREAM:578}
  CREATE_STREAM @0 {NAME:rand_sequence T:Transactions SCOPE:sequencer_e STREAM:591}
  CREATE_STREAM @0 {NAME:rand_sequence T:Transactions SCOPE:sequencer_e STREAM:591}
  CREATE_STREAM @0 {NAME:rand_sequence T:Transactions SCOPE:sequencer_e STREAM:591}
  CREATE_STREAM @0 {NAME:rand_sequence T:Transactions SCOPE:sequencer_e STREAM:591}
  CREATE_STREAM @0 {NAME:rand_sequence T:Transactions SCOPE:sequencer_e STREAM:591}
  CREATE_STREAM @0 {NAME:rand_sequence T:Transactions SCOPE:master_sequencer STREAM:790}
  CREATE_STREAM @0 {NAME:rand_sequence T:Transactions SCOPE:master_sequencer STREAM:790}
  CREATE_STREAM @0 {NAME:rand_sequence T:Transactions SCOPE:master_sequencer STREAM:790}
  CREATE_STREAM @0 {NAME:rand_sequence T:Transactions SCOPE:master_sequencer STREAM:790}
  CREATE_STREAM @0 {NAME:rand_sequence T:Transactions SCOPE:master_sequencer STREAM:792}
  CREATE_STREAM @0 {NAME:rand_sequence T:Transactions SCOPE:master_sequencer STREAM:793}
  CREATE_STREAM @0 {NAME:rand_sequence T:Transactions SCOPE:master_sequencer STREAM:793}
  CREATE_STREAM @0 {NAME:rand_sequence T:Transactions SCOPE:master_sequencer STREAM:793}
  CREATE_STREAM @0 {NAME:rand_sequence T:Transactions SCOPE:master_sequencer STREAM:793}
  CREATE_STREAM @0 {NAME:rand_sequence T:Transactions SCOPE:master_sequencer STREAM:785}
  CREATE_STREAM @0 {NAME:rand_sequence T:Transactions SCOPE:master_sequencer STREAM:785}
  CREATE_STREAM @0 {NAME:rand_sequence T:Transactions SCOPE:master_sequencer STREAM:785}
  CREATE_STREAM @0 {NAME:rand_sequence T:Transactions SCOPE:master_sequencer STREAM:785}
  CREATE_STREAM @0 {NAME:rand_sequence T:Transactions SCOPE:master_sequencer STREAM:785}
  CREATE_STREAM @0 {NAME:rand_sequence T:Transactions SCOPE:master_sequencer STREAM:785}
  CREATE_STREAM @0 {NAME:rand_sequence T:Transactions SCOPE:master_sequencer STREAM:785}
  CREATE_STREAM @0 {NAME:rand_sequence T:Transactions SCOPE:master_sequencer STREAM:785}
  CREATE_STREAM @0 {NAME:rand_sequence T:Transactions SCOPE:master_sequencer STREAM:785}
  CREATE_STREAM @0 {NAME:rand_sequence T:Transactions SCOPE:master_sequencer STREAM:785}
  CREATE_STREAM @0 {NAME:rand_sequence T:Transactions SCOPE:master_sequencer STREAM:785}
  CREATE_STREAM @0 {NAME:rand_sequence T:Transactions SCOPE:master_sequencer STREAM:785}
  CREATE_STREAM @0 {NAME:rand_sequence T:Transactions SCOPE:master_sequencer STREAM:785}
  CREATE_STREAM @0 {NAME:rand_sequence T:Transactions SCOPE:master_sequencer STREAM:785}
  CREATE_STREAM @0 {NAME:rand_sequence T:Transactions SCOPE:master_sequencer STREAM:785}
  CREATE_STREAM @0 {NAME:rand_sequence T:Transactions SCOPE:master_sequencer STREAM:785}
  CREATE_STREAM @0 {NAME:rand_sequence T:Transactions SCOPE:master_sequencer STREAM:785}
  CREATE_STREAM @0 {NAME:rand_sequence T:Transactions SCOPE:master_sequencer STREAM:785}
  CREATE_STREAM @0 {NAME:rand_sequence T:Transactions SCOPE:master_sequencer STREAM:785}
  CREATE_STREAM @0 {NAME:rand_sequence T:Transactions SCOPE:master_sequencer STREAM:785}
  CREATE_STREAM @0 {NAME:rand_sequence T:Transactions SCOPE:master_sequencer STREAM:785}
  CREATE_STREAM @0 {NAME:rand_sequence T:Transactions SCOPE:master_sequencer STREAM:785}
  CREATE_STREAM @0 {NAME:rand_sequence T:Transactions SCOPE:master_sequencer STREAM:785}
  CREATE_STREAM @0 {NAME:rand_sequence T:Transactions SCOPE:master_sequencer STREAM:785}
  CREATE_STREAM @0 {NAME:rand_sequence T:Transactions SCOPE:master_sequencer STREAM:785}
  CREATE_STREAM @0 {NAME:rand_sequence T:Transactions SCOPE:master_sequencer STREAM:785}
  CREATE_STREAM @0 {NAME:rand_sequence T:Transactions SCOPE:master_sequencer STREAM:785}
  CREATE_STREAM @0 {NAME:rand_sequence T:Transactions SCOPE:master_sequencer STREAM:785}
  CREATE_STREAM @0 {NAME:rand_sequence T:Transactions SCOPE:master_sequencer STREAM:785}
  CREATE_STREAM @0 {NAME:rand_sequence T:Transactions SCOPE:master_sequencer STREAM:785}
  CREATE_STREAM @0 {NAME:rand_sequence T:Transactions SCOPE:master_sequencer STREAM:785}
  CREATE_STREAM @0 {NAME:rand_sequence T:Transactions SCOPE:master_sequencer STREAM:785}
  CREATE_STREAM @0 {NAME:rand_sequence T:Transactions SCOPE:master_sequencer STREAM:801}
  CREATE_STREAM @0 {NAME:rand_sequence T:Transactions SCOPE:master_sequencer STREAM:801}
  CREATE_STREAM @0 {NAME:rand_sequence T:Transactions SCOPE:master_sequencer STREAM:801}
  CREATE_STREAM @0 {NAME:rand_sequence T:Transactions SCOPE:master_sequencer STREAM:801}
  CREATE_STREAM @0 {NAME:rand_sequence T:Transactions SCOPE:master_sequencer STREAM:801}
  CREATE_STREAM @0 {NAME:rand_sequence T:Transactions SCOPE:master_sequencer STREAM:801}
  CREATE_STREAM @0 {NAME:rand_sequence T:Transactions SCOPE:master_sequencer STREAM:801}
  CREATE_STREAM @0 {NAME:rand_sequence T:Transactions SCOPE:master_sequencer STREAM:801}
  CREATE_STREAM @0 {NAME:rand_sequence T:Transactions SCOPE:master_sequencer STREAM:801}
  CREATE_STREAM @0 {NAME:rand_sequence T:Transactions SCOPE:master_sequencer STREAM:801}
  CREATE_STREAM @0 {NAME:rand_sequence T:Transactions SCOPE:master_sequencer STREAM:801}
  CREATE_STREAM @0 {NAME:rand_sequence T:Transactions SCOPE:master_sequencer STREAM:801}
  CREATE_STREAM @0 {NAME:rand_sequence T:Transactions SCOPE:master_sequencer STREAM:801}
  CREATE_STREAM @0 {NAME:rand_sequence T:Transactions SCOPE:master_sequencer STREAM:801}
  CREATE_STREAM @0 {NAME:rand_sequence T:Transactions SCOPE:master_sequencer STREAM:801}
  CREATE_STREAM @0 {NAME:rand_sequence T:Transactions SCOPE:master_sequencer STREAM:801}
  CREATE_STREAM @0 {NAME:rand_sequence T:Transactions SCOPE:master_sequencer STREAM:801}
  CREATE_STREAM @0 {NAME:rand_sequence T:Transactions SCOPE:master_sequencer STREAM:801}
  CREATE_STREAM @0 {NAME:rand_sequence T:Transactions SCOPE:master_sequencer STREAM:801}
  CREATE_STREAM @0 {NAME:rand_sequence T:Transactions SCOPE:master_sequencer STREAM:801}
  CREATE_STREAM @0 {NAME:rand_sequence T:Transactions SCOPE:master_sequencer STREAM:801}
  CREATE_STREAM @0 {NAME:rand_sequence T:Transactions SCOPE:master_sequencer STREAM:801}
  CREATE_STREAM @0 {NAME:rand_sequence T:Transactions SCOPE:master_sequencer STREAM:801}
  CREATE_STREAM @0 {NAME:rand_sequence T:Transactions SCOPE:master_sequencer STREAM:801}
  CREATE_STREAM @0 {NAME:rand_sequence T:Transactions SCOPE:master_sequencer STREAM:801}
  CREATE_STREAM @0 {NAME:rand_sequence T:Transactions SCOPE:master_sequencer STREAM:801}
  CREATE_STREAM @0 {NAME:rand_sequence T:Transactions SCOPE:master_sequencer STREAM:801}
  CREATE_STREAM @0 {NAME:rand_sequence T:Transactions SCOPE:master_sequencer STREAM:801}
  CREATE_STREAM @0 {NAME:rand_sequence T:Transactions SCOPE:master_sequencer STREAM:801}
  CREATE_STREAM @0 {NAME:rand_sequence T:Transactions SCOPE:master_sequencer STREAM:801}
  CREATE_STREAM @0 {NAME:rand_sequence T:Transactions SCOPE:master_sequencer STREAM:801}
  CREATE_STREAM @0 {NAME:rand_sequence T:Transactions SCOPE:master_sequencer STREAM:801}
  CREATE_STREAM @0 {NAME:rand_sequence T:Transactions SCOPE:master_sequencer STREAM:801}
  CREATE_STREAM @0 {NAME:rand_sequence T:Transactions SCOPE:master_sequencer STREAM:801}
  CREATE_STREAM @0 {NAME:rand_sequence T:Transactions SCOPE:master_sequencer STREAM:801}
  CREATE_STREAM @0 {NAME:rand_sequence T:Transactions SCOPE:master_sequencer STREAM:801}
  CREATE_STREAM @0 {NAME:rand_sequence T:Transactions SCOPE:master_sequencer STREAM:801}
  CREATE_STREAM @0 {NAME:rand_sequence T:Transactions SCOPE:master_sequencer STREAM:801}
  CREATE_STREAM @0 {NAME:rand_sequence T:Transactions SCOPE:master_sequencer STREAM:801}
  CREATE_STREAM @0 {NAME:rand_sequence T:Transactions SCOPE:master_sequencer STREAM:801}
  CREATE_STREAM @0 {NAME:rand_sequence T:Transactions SCOPE:master_sequencer STREAM:801}
  CREATE_STREAM @0 {NAME:rand_sequence T:Transactions SCOPE:master_sequencer STREAM:801}
  CREATE_STREAM @0 {NAME:rand_sequence T:Transactions SCOPE:master_sequencer STREAM:801}
  CREATE_STREAM @0 {NAME:rand_sequence T:Transactions SCOPE:master_sequencer STREAM:801}
  CREATE_STREAM @0 {NAME:rand_sequence T:Transactions SCOPE:master_sequencer STREAM:801}
  CREATE_STREAM @0 {NAME:rand_sequence T:Transactions SCOPE:master_sequencer STREAM:801}
  CREATE_STREAM @0 {NAME:rand_sequence T:Transactions SCOPE:master_sequencer STREAM:801}
  CREATE_STREAM @0 {NAME:rand_sequence T:Transactions SCOPE:master_sequencer STREAM:801}
  CREATE_STREAM @0 {NAME:rand_sequence T:Transactions SCOPE:master_sequencer STREAM:801}
  CREATE_STREAM @0 {NAME:rand_sequence T:Transactions SCOPE:master_sequencer STREAM:597}
  CREATE_STREAM @0 {NAME:rand_sequence T:Transactions SCOPE:master_sequencer STREAM:597}
  CREATE_STREAM @0 {NAME:bram_write_00 T:Transactions SCOPE:master_sequencer STREAM:615}
  CREATE_STREAM @0 {NAME:bram_write_00 T:Transactions SCOPE:master_sequencer STREAM:617}
  CREATE_STREAM @0 {NAME:bram_write_00 T:Transactions SCOPE:master_sequencer STREAM:617}
  CREATE_STREAM @0 {NAME:bram_write_00 T:Transactions SCOPE:master_sequencer STREAM:617}
  CREATE_STREAM @0 {NAME:bram_write_00 T:Transactions SCOPE:master_sequencer STREAM:617}
  CREATE_STREAM @0 {NAME:bram_write_00 T:Transactions SCOPE:master_sequencer STREAM:619}
  CREATE_STREAM @0 {NAME:bram_write_00 T:Transactions SCOPE:master_sequencer STREAM:619}
  CREATE_STREAM @0 {NAME:bram_write_00 T:Transactions SCOPE:master_sequencer STREAM:619}
  CREATE_STREAM @0 {NAME:bram_write_00 T:Transactions SCOPE:master_sequencer STREAM:619}
  CREATE_STREAM @0 {NAME:write_sequence T:Transactions SCOPE:master_sequencer STREAM:639}
  CREATE_STREAM @0 {NAME:bram_write_00 T:Transactions SCOPE:master_sequencer STREAM:617}
  CREATE_STREAM @0 {NAME:write_sequence T:Transactions SCOPE:master_sequencer STREAM:637}
  CREATE_STREAM @0 {NAME:bram_write_00 T:Transactions SCOPE:master_sequencer STREAM:617}
  CREATE_STREAM @0 {NAME:write_sequence T:Transactions SCOPE:master_sequencer STREAM:637}
  CREATE_STREAM @0 {NAME:bram_write_00 T:Transactions SCOPE:master_sequencer STREAM:617}
  CREATE_STREAM @0 {NAME:write_sequence T:Transactions SCOPE:master_sequencer STREAM:637}
  CREATE_STREAM @0 {NAME:bram_write_00 T:Transactions SCOPE:master_sequencer STREAM:617}
  CREATE_STREAM @0 {NAME:write_sequence T:Transactions SCOPE:master_sequencer STREAM:637}
  CREATE_STREAM @380 {NAME:read_sequence T:Transactions SCOPE:master_sequencer STREAM:695}
  CREATE_STREAM @0 {NAME:bram_write_00 T:Transactions SCOPE:master_sequencer STREAM:617}
  CREATE_STREAM @0 {NAME:write_sequence T:Transactions SCOPE:master_sequencer STREAM:637}
  CREATE_STREAM @380 {NAME:read_sequence T:Transactions SCOPE:master_sequencer STREAM:675}
  CREATE_STREAM @0 {NAME:bram_write_00 T:Transactions SCOPE:master_sequencer STREAM:617}
  CREATE_STREAM @0 {NAME:write_sequence T:Transactions SCOPE:master_sequencer STREAM:637}
  CREATE_STREAM @380 {NAME:read_sequence T:Transactions SCOPE:master_sequencer STREAM:675}
  CREATE_STREAM @0 {NAME:bram_write_00 T:Transactions SCOPE:master_sequencer STREAM:617}
  CREATE_STREAM @0 {NAME:write_sequence T:Transactions SCOPE:master_sequencer STREAM:637}
  CREATE_STREAM @380 {NAME:read_sequence T:Transactions SCOPE:master_sequencer STREAM:675}
  CREATE_STREAM @0 {NAME:bram_write_00 T:Transactions SCOPE:master_sequencer STREAM:628}
  CREATE_STREAM @0 {NAME:write_sequence T:Transactions SCOPE:master_sequencer STREAM:648}
  CREATE_STREAM @380 {NAME:read_sequence T:Transactions SCOPE:master_sequencer STREAM:686}
  CREATE_STREAM @820 {NAME:reset_sequence T:Transactions SCOPE:master_sequencer STREAM:702}
  CREATE_STREAM @0 {NAME:bram_write_00 T:Transactions SCOPE:master_sequencer STREAM:628}
  CREATE_STREAM @0 {NAME:reset_sequence T:Transactions SCOPE:master_sequencer STREAM:648}
  CREATE_STREAM @3980 {NAME:write_sequence T:Transactions SCOPE:master_sequencer STREAM:688}
  CREATE_STREAM @4380 {NAME:read_sequence T:Transactions SCOPE:master_sequencer STREAM:700}
  CREATE_STREAM @0 {NAME:bram_write_00 T:Transactions SCOPE:master_sequencer STREAM:628}
  CREATE_STREAM @0 {NAME:reset_sequence T:Transactions SCOPE:master_sequencer STREAM:648}
  CREATE_STREAM @3980 {NAME:write_sequence T:Transactions SCOPE:master_sequencer STREAM:688}
  CREATE_STREAM @4380 {NAME:read_sequence T:Transactions SCOPE:master_sequencer STREAM:700}
  CREATE_STREAM @0 {NAME:bram_write_00 T:Transactions SCOPE:master_sequencer STREAM:628}
  CREATE_STREAM @0 {NAME:reset_sequence T:Transactions SCOPE:master_sequencer STREAM:648}
  CREATE_STREAM @3980 {NAME:write_sequence T:Transactions SCOPE:master_sequencer STREAM:688}
  CREATE_STREAM @4380 {NAME:read_sequence T:Transactions SCOPE:master_sequencer STREAM:700}
  CREATE_STREAM @0 {NAME:bram_write_00 T:Transactions SCOPE:master_sequencer STREAM:628}
  CREATE_STREAM @0 {NAME:reset_sequence T:Transactions SCOPE:master_sequencer STREAM:648}
  CREATE_STREAM @3980 {NAME:write_sequence T:Transactions SCOPE:master_sequencer STREAM:688}
  CREATE_STREAM @4380 {NAME:read_sequence T:Transactions SCOPE:master_sequencer STREAM:700}
  CREATE_STREAM @0 {NAME:bram_write_00 T:Transactions SCOPE:master_sequencer STREAM:628}
  CREATE_STREAM @0 {NAME:reset_sequence T:Transactions SCOPE:master_sequencer STREAM:648}
  CREATE_STREAM @3980 {NAME:write_sequence T:Transactions SCOPE:master_sequencer STREAM:688}
  CREATE_STREAM @4420 {NAME:read_sequence T:Transactions SCOPE:master_sequencer STREAM:700}
